Arguments: 
<<<<<<< HEAD
  /Users/admin/.nvm/versions/node/v16.13.0/bin/node /usr/local/bin/yarn add localstorage-polyfill
=======
  /Users/admin/.nvm/versions/node/v16.13.0/bin/node /usr/local/bin/yarn add global
>>>>>>> origin/near

PATH: 
  /Users/admin/.nvm/versions/node/v16.13.0/bin:/usr/local/git/bin:/usr/local/bin:/usr/local/sbin:/usr/local/bin:/usr/bin:/bin:/usr/sbin:/sbin

Yarn version: 
  1.22.11

Node version: 
  16.13.0

Platform: 
  darwin x64

Trace: 
  SyntaxError: /Users/admin/projects/polywrap-integrations-1/package.json: Unexpected end of JSON input
      at JSON.parse (<anonymous>)
      at /usr/local/lib/node_modules/yarn/lib/cli.js:1625:59
      at Generator.next (<anonymous>)
      at step (/usr/local/lib/node_modules/yarn/lib/cli.js:310:30)
      at /usr/local/lib/node_modules/yarn/lib/cli.js:321:13

npm manifest: 
  

yarn manifest: 
  No manifest

Lockfile: 
  # THIS IS AN AUTOGENERATED FILE. DO NOT EDIT THIS FILE DIRECTLY.
  # yarn lockfile v1
  
  
<<<<<<< HEAD
  localstorage-polyfill@^1.0.1:
    version "1.0.1"
    resolved "https://registry.yarnpkg.com/localstorage-polyfill/-/localstorage-polyfill-1.0.1.tgz#4b3083d4bc51d23b4158537e66816137413fd31a"
    integrity sha1-SzCD1LxR0jtBWFN+ZoFhN0E/0xo=
=======
  localstorage-memory@^1.0.3:
    version "1.0.3"
    resolved "https://registry.yarnpkg.com/localstorage-memory/-/localstorage-memory-1.0.3.tgz#566b37968fe0c4d76ba36a6da564fa613945ca72"
    integrity sha512-t9P8WB6DcVttbw/W4PIE8HOqum8Qlvx5SjR6oInwR9Uia0EEmyUeBh7S+weKByW+l/f45Bj4L/dgZikGFDM6ng==
>>>>>>> origin/near
