Arguments: 
  /home/namesty/.nvm/versions/node/v16.13.0/bin/node /home/namesty/.nvm/versions/node/v16.13.0/bin/yarn

PATH: 
  /home/namesty/.nvm/versions/node/v16.13.0/bin:/home/linuxbrew/.linuxbrew/bin:/home/linuxbrew/.linuxbrew/sbin:/home/namesty/.cargo/bin:/home/namesty/.local/bin:/usr/local/sbin:/usr/local/bin:/usr/sbin:/usr/bin:/sbin:/bin:/usr/games:/usr/local/games:/snap/bin:/usr/local/go/bin

Yarn version: 
  1.22.18

Node version: 
  16.13.0

Platform: 
  linux x64

Trace: 
  Error: https://registry.yarnpkg.com/@polywrap%2fethereum-signer-plugin-js: Not found
      at Request.params.callback [as _callback] (/home/namesty/.nvm/versions/node/v16.13.0/lib/node_modules/yarn/lib/cli.js:66138:18)
      at Request.self.callback (/home/namesty/.nvm/versions/node/v16.13.0/lib/node_modules/yarn/lib/cli.js:140883:22)
      at Request.emit (node:events:390:28)
      at Request.<anonymous> (/home/namesty/.nvm/versions/node/v16.13.0/lib/node_modules/yarn/lib/cli.js:141855:10)
      at Request.emit (node:events:390:28)
      at IncomingMessage.<anonymous> (/home/namesty/.nvm/versions/node/v16.13.0/lib/node_modules/yarn/lib/cli.js:141777:12)
      at Object.onceWrapper (node:events:509:28)
      at IncomingMessage.emit (node:events:402:35)
      at endReadableNT (node:internal/streams/readable:1343:12)
      at processTicksAndRejections (node:internal/process/task_queues:83:21)

npm manifest: 
  {
    "name": "@polywrap/ethereum-wrapper",
    "description": "Polywrap Ethereum Rust Wrapper",
    "version": "0.2.0",
    "license": "MIT",
    "repository": {
      "type": "git",
      "url": "https://github.com/web3-api/monorepo.git"
    },
    "main": "build/index.js",
    "files": [
      "build",
      "schema.graphql"
    ],
    "scripts": {
      "test": "jest --passWithNoTests --runInBand --verbose",
      "codegen": "polywrap codegen"
    },
    "dependencies": {
      "@ethersproject/address": "5.0.7",
      "@ethersproject/providers": "5.0.7",
      "@polywrap/core-js": "0.2.0",
      "ethers": "5.0.7"
    },
    "devDependencies": {
      "@types/jest": "26.0.8",
      "@polywrap/client-js": "0.2.0",
      "@polywrap/ens-plugin-js": "0.2.0",
      "@polywrap/ipfs-plugin-js": "0.2.0",
      "@polywrap/ethereum-plugin-js": "0.2.0",
      "@polywrap/ethereum-signer-plugin-js": "0.2.0",
      "@polywrap/test-env-js": "0.2.0",
      "eth-ens-namehash": "2.0.8",
      "axios": "0.26.1",
      "jest": "26.6.3",
      "js-sha3": "0.8.0",
      "rimraf": "3.0.2",
      "ts-jest": "26.5.4",
      "ts-node": "8.10.2",
      "typescript": "4.0.7"
    },
    "publishConfig": {
      "access": "public"
    }
  }

yarn manifest: 
  No manifest

Lockfile: 
  No lockfile
