Arguments: 
  /Users/niraj/.nvm/versions/node/v16.13.1/bin/node /Users/niraj/.nvm/versions/node/v16.13.1/bin/yarn

PATH: 
  /Users/niraj/.nvm/versions/node/v16.13.1/bin:/usr/local/opt/python@3.9/bin:/usr/local/opt/python@3.8/bin:/usr/local/opt/python@3.7/bin:/usr/local/bin:/Users/niraj/.nvm/versions/node/v16.13.1/bin:/opt/homebrew/bin:/opt/homebrew/sbin:/usr/local/bin:/usr/bin:/bin:/usr/sbin:/sbin:/usr/local/go/bin:/Applications/Postgres.app/Contents/Versions/latest/bin:/usr/local/opt/python@3.9/bin:/usr/local/opt/python@3.8/bin:/usr/local/opt/python@3.7/bin:/Users/niraj/.nvm/versions/node/v16.13.1/bin:/opt/homebrew/bin:/opt/homebrew/sbin:/Users/niraj/.cargo/bin

Yarn version: 
  1.22.17

Node version: 
  16.13.1

Platform: 
  darwin arm64

Trace: 
  Error: https://registry.yarnpkg.com/@polywrap%2fcli: Not found
      at Request.params.callback [as _callback] (/Users/niraj/.nvm/versions/node/v16.13.1/lib/node_modules/yarn/lib/cli.js:67029:18)
      at Request.self.callback (/Users/niraj/.nvm/versions/node/v16.13.1/lib/node_modules/yarn/lib/cli.js:140883:22)
      at Request.emit (node:events:390:28)
      at Request.<anonymous> (/Users/niraj/.nvm/versions/node/v16.13.1/lib/node_modules/yarn/lib/cli.js:141855:10)
      at Request.emit (node:events:390:28)
      at IncomingMessage.<anonymous> (/Users/niraj/.nvm/versions/node/v16.13.1/lib/node_modules/yarn/lib/cli.js:141777:12)
      at Object.onceWrapper (node:events:509:28)
      at IncomingMessage.emit (node:events:402:35)
      at endReadableNT (node:internal/streams/readable:1343:12)
      at processTicksAndRejections (node:internal/process/task_queues:83:21)

npm manifest: 
  {
    "name": "@polywrap/concurrent-promise-plugin",
    "description": "Run wrapper concurrently using promise",
    "private": true,
    "version": "0.0.1-prealpha.86",
    "main": "build/index.js",
    "scripts": {
      "build": "rimraf ./build && tsc --project tsconfig.json",
      "prebuild": "npx polywrap plugin codegen",
      "codegen": "npx polywrap plugin codegen",
      "test": "jest --passWithNoTests --runInBand --verbose"
    },
    "dependencies": {
      "@polywrap/core-js": "0.0.1-prealpha.86",
      "@polywrap/test-env-js": "^0.0.1-prealpha.86"
    },
    "devDependencies": {
      "@types/jest": "26.0.8",
      "@polywrap/cli": "0.0.1-prealpha.86",
      "@polywrap/client-js": "0.0.1-prealpha.86",
      "jest": "26.6.3",
      "rimraf": "3.0.2",
      "ts-jest": "26.5.4",
      "ts-node": "8.10.2",
      "typescript": "4.0.7"
    }
  }

yarn manifest: 
  No manifest

Lockfile: 
  No lockfile
